#***************************************************************************

#sjplacer

#Version:            1.1

#Build Date:         Apr 29 2016 09:00:55

#File Generated:     Aug 27 2017 17:51:06

#Purpose:            

#Copyright (C) 2010-2011 by Softjin Technologies Pvt Ltd. All rights reserved.

#***************************************************************************

Executing : C:\Program Files (x86)\Cypress\PSoC Creator\4.0\PSoC Creator\bin/sjplacer.exe --proj-name HydobServe --netlist-vh2 HydobServe_p.vh2 --arch-file C:\Program Files (x86)\Cypress\PSoC Creator\4.0\PSoC Creator\dev/arch/p4_udb2x2.ark --rrg-file C:\Program Files (x86)\Cypress\PSoC Creator\4.0\PSoC Creator\dev/psoc4/3/route_arch-rrg.cydata --irq-file C:\Program Files (x86)\Cypress\PSoC Creator\4.0\PSoC Creator\dev/psoc4/3/irqconn.cydata --dsi-conn-file C:\Program Files (x86)\Cypress\PSoC Creator\4.0\PSoC Creator\dev/psoc4/3/dsiconn.cydata --pins-file pins_32-SMT.xml --lib-file HydobServe_p.lib --sdc-file HydobServe.sdc --io-pcf HydobServe.pci --outdir .

		Softjin Techologies Placer, Version 1.1

Build Date : Apr 29 2016	08:58:44

D2004: Option and Settings Summary
=============================================================
Netlist vh2 file          - HydobServe_p.vh2
Architecture file         - C:\Program Files (x86)\Cypress\PSoC Creator\4.0\PSoC Creator\dev/arch/p4_udb2x2.ark
Package                   - 
Defparam file             - 
SDC file                  - HydobServe.sdc
Output directory          - .
Timing library            - HydobServe_p.lib
IO Placement file         - HydobServe.pci

D2050: Starting reading inputs for placer
=============================================================
D2065: Reading netlist file : "HydobServe_p.vh2"
D2065: Reading arch file : "C:\Program Files (x86)\Cypress\PSoC Creator\4.0\PSoC Creator\dev/arch/p4_udb2x2.ark"
D2051: Reading of inputs for placer completed successfully

D2053: Starting placement of the design
=============================================================

Phase 2
Phase 3

Design Statistics after Packing
    Number of Combinational MCs 	:	1
    Number of Sequential MCs    	:	0
    Number of DPs               	:	2
    Number of Controls          	:	1
    Number of Status            	:	1
    Number of SyncCells         	:	2
    Number of count7cells       	:	0

Device Utilization Summary after Packing
    Macrocells                  :	1/32
    UDBS                        :	3/4
    IOs                         :	9/34


D2088: Phase 3, elapsed time : 0.0 (sec)

Phase 4
D2088: Phase 4, elapsed time : 0.0 (sec)

Phase 6

######################################################################
Placement Timing Summary

The timing summary is based on estimated routing delays after
placement. For final timing report, please carry out the timing
analysis after routing.
======================================================================

######################################################################
                     Clock Summary 
======================================================================
Number of clocks: 12
Clock: ADC_intClock         | Frequency: N/A       | Target:   1.5 MHz
Clock: ADC_intClock(FFB)    | Frequency: N/A       | Target:   1.5 MHz
Clock: CyECO                | Frequency: N/A       | Target:  24.0 MHz
Clock: CyHFCLK              | Frequency:  41.7 MHz | Target:  12.0 MHz
Clock: CyILO                | Frequency: N/A       | Target:   0.0 MHz
Clock: CyIMO                | Frequency: N/A       | Target:  12.0 MHz
Clock: CyLFCLK              | Frequency: N/A       | Target:   0.0 MHz
Clock: CyRouted1            | Frequency: N/A       | Target:  12.0 MHz
Clock: CySYSCLK             | Frequency: N/A       | Target:  12.0 MHz
Clock: CyWCO                | Frequency: N/A       | Target:   0.0 MHz
Clock: I2CM_SCBCLK          | Frequency: N/A       | Target:   2.0 MHz
Clock: I2CM_SCBCLK(FFB)     | Frequency: N/A       | Target:   1.7 MHz

======================================================================
                     End of Clock Summary
######################################################################

D2088: Phase 6, elapsed time : 0.0 (sec)

Phase 7
######################################################################
                     Clock Summary 
======================================================================
Number of clocks: 12
Clock: ADC_intClock         | Frequency: N/A       | Target:   1.5 MHz
Clock: ADC_intClock(FFB)    | Frequency: N/A       | Target:   1.5 MHz
Clock: CyECO                | Frequency: N/A       | Target:  24.0 MHz
Clock: CyHFCLK              | Frequency:  41.7 MHz | Target:  12.0 MHz
Clock: CyILO                | Frequency: N/A       | Target:   0.0 MHz
Clock: CyIMO                | Frequency: N/A       | Target:  12.0 MHz
Clock: CyLFCLK              | Frequency: N/A       | Target:   0.0 MHz
Clock: CyRouted1            | Frequency: N/A       | Target:  12.0 MHz
Clock: CySYSCLK             | Frequency: N/A       | Target:  12.0 MHz
Clock: CyWCO                | Frequency: N/A       | Target:   0.0 MHz
Clock: I2CM_SCBCLK          | Frequency: N/A       | Target:   2.0 MHz
Clock: I2CM_SCBCLK(FFB)     | Frequency: N/A       | Target:   1.7 MHz

======================================================================
                     End of Clock Summary
######################################################################
D2088: Phase 7, elapsed time : 0.0 (sec)

Final Design Statistics
    Number of Combinational MCs 	:	1
    Number of Sequential MCs    	:	0
    Number of DPs               	:	2
    Number of Controls          	:	1
    Number of Status            	:	1
    Number of SyncCells         	:	2
    Number of count7cells       	:	0
    Number of IOs       	:	9

Device Utilization Summary
    Macrocells                  :	1/32
    IOs                         :	9/34



######################################################################
Placement Timing Summary

The timing summary is based on estimated routing delays after
placement. For final timing report, please carry out the timing
analysis after routing.
======================================================================


######################################################################
                     Clock Summary 
======================================================================
Number of clocks: 12
Clock: ADC_intClock         | Frequency: N/A       | Target:   1.5 MHz
Clock: ADC_intClock(FFB)    | Frequency: N/A       | Target:   1.5 MHz
Clock: CyECO                | Frequency: N/A       | Target:  24.0 MHz
Clock: CyHFCLK              | Frequency:  41.7 MHz | Target:  13.2 MHz
Clock: CyILO                | Frequency: N/A       | Target:   0.0 MHz
Clock: CyIMO                | Frequency: N/A       | Target:  12.0 MHz
Clock: CyLFCLK              | Frequency: N/A       | Target:   0.0 MHz
Clock: CyRouted1            | Frequency: N/A       | Target:  12.0 MHz
Clock: CySYSCLK             | Frequency: N/A       | Target:  12.0 MHz
Clock: CyWCO                | Frequency: N/A       | Target:   0.0 MHz
Clock: I2CM_SCBCLK          | Frequency: N/A       | Target:   2.0 MHz
Clock: I2CM_SCBCLK(FFB)     | Frequency: N/A       | Target:   1.7 MHz

======================================================================
                     End of Clock Summary
######################################################################

Phase 6

######################################################################
Placement Timing Summary

The timing summary is based on estimated routing delays after
placement. For final timing report, please carry out the timing
analysis after routing.
======================================================================

######################################################################
                     Clock Summary 
======================================================================
Number of clocks: 12
Clock: ADC_intClock         | Frequency: N/A       | Target:   1.5 MHz
Clock: ADC_intClock(FFB)    | Frequency: N/A       | Target:   1.5 MHz
Clock: CyECO                | Frequency: N/A       | Target:  24.0 MHz
Clock: CyHFCLK              | Frequency:  41.7 MHz | Target:  13.2 MHz
Clock: CyILO                | Frequency: N/A       | Target:   0.0 MHz
Clock: CyIMO                | Frequency: N/A       | Target:  12.0 MHz
Clock: CyLFCLK              | Frequency: N/A       | Target:   0.0 MHz
Clock: CyRouted1            | Frequency: N/A       | Target:  12.0 MHz
Clock: CySYSCLK             | Frequency: N/A       | Target:  12.0 MHz
Clock: CyWCO                | Frequency: N/A       | Target:   0.0 MHz
Clock: I2CM_SCBCLK          | Frequency: N/A       | Target:   2.0 MHz
Clock: I2CM_SCBCLK(FFB)     | Frequency: N/A       | Target:   1.7 MHz

======================================================================
                     End of Clock Summary
######################################################################

D2088: Phase 6, elapsed time : 0.0 (sec)

Phase 7
######################################################################
                     Clock Summary 
======================================================================
Number of clocks: 12
Clock: ADC_intClock         | Frequency: N/A       | Target:   1.5 MHz
Clock: ADC_intClock(FFB)    | Frequency: N/A       | Target:   1.5 MHz
Clock: CyECO                | Frequency: N/A       | Target:  24.0 MHz
Clock: CyHFCLK              | Frequency:  41.7 MHz | Target:  14.3 MHz
Clock: CyILO                | Frequency: N/A       | Target:   0.0 MHz
Clock: CyIMO                | Frequency: N/A       | Target:  12.0 MHz
Clock: CyLFCLK              | Frequency: N/A       | Target:   0.0 MHz
Clock: CyRouted1            | Frequency: N/A       | Target:  12.0 MHz
Clock: CySYSCLK             | Frequency: N/A       | Target:  12.0 MHz
Clock: CyWCO                | Frequency: N/A       | Target:   0.0 MHz
Clock: I2CM_SCBCLK          | Frequency: N/A       | Target:   2.0 MHz
Clock: I2CM_SCBCLK(FFB)     | Frequency: N/A       | Target:   1.7 MHz

======================================================================
                     End of Clock Summary
######################################################################
D2088: Phase 7, elapsed time : 0.0 (sec)

Final Design Statistics
    Number of Combinational MCs 	:	1
    Number of Sequential MCs    	:	0
    Number of DPs               	:	2
    Number of Controls          	:	1
    Number of Status            	:	1
    Number of SyncCells         	:	2
    Number of count7cells       	:	0
    Number of IOs       	:	9

Device Utilization Summary
    Macrocells                  :	1/32
    IOs                         :	9/34



######################################################################
Placement Timing Summary

The timing summary is based on estimated routing delays after
placement. For final timing report, please carry out the timing
analysis after routing.
======================================================================


######################################################################
                     Clock Summary 
======================================================================
Number of clocks: 12
Clock: ADC_intClock         | Frequency: N/A       | Target:   1.5 MHz
Clock: ADC_intClock(FFB)    | Frequency: N/A       | Target:   1.5 MHz
Clock: CyECO                | Frequency: N/A       | Target:  24.0 MHz
Clock: CyHFCLK              | Frequency:  41.7 MHz | Target:  15.6 MHz
Clock: CyILO                | Frequency: N/A       | Target:   0.0 MHz
Clock: CyIMO                | Frequency: N/A       | Target:  12.0 MHz
Clock: CyLFCLK              | Frequency: N/A       | Target:   0.0 MHz
Clock: CyRouted1            | Frequency: N/A       | Target:  12.0 MHz
Clock: CySYSCLK             | Frequency: N/A       | Target:  12.0 MHz
Clock: CyWCO                | Frequency: N/A       | Target:   0.0 MHz
Clock: I2CM_SCBCLK          | Frequency: N/A       | Target:   2.0 MHz
Clock: I2CM_SCBCLK(FFB)     | Frequency: N/A       | Target:   1.7 MHz

======================================================================
                     End of Clock Summary
######################################################################

Phase 8
D2088: Phase 8, elapsed time : 0.0 (sec)

D2054: Placement of the design completed successfully

I2076: Total run-time: 0.5 sec.

